{"uid":"8b8e523283a15838","name":"Progress bar","fullName":"tests.test_widgets.TestWidgets#test_progress_bar","historyId":"38808bcef644918199e558393faa460a","time":{"start":1712913029002,"stop":1712913032484,"duration":3482},"status":"failed","statusMessage":"AssertionError: The progress bar did not start","statusTrace":"self = <test_widgets.TestWidgets object at 0x7f4f2a23f770>\n\n    @allure.title(\"Progress bar\")\n    def test_progress_bar(self):\n        self.progress_bar.open()\n        self.progress_bar.is_opened()\n>       self.progress_bar.check_start()\n\ntests/test_widgets.py:36: \n_ _ _ _ _ _ _ _ _ _ _ _ _ _ _ _ _ _ _ _ _ _ _ _ _ _ _ _ _ _ _ _ _ _ _ _ _ _ _ _ \n\nself = <pages.widgets.progress_bar.ProgressBar object at 0x7f4f29fdbf20>\n\n    @allure.step(\"Start progress bar\")\n    def check_start(self):\n        self.wait.until(EC.visibility_of_element_located(self.BUTTON_START))\n        progress_bar = self.wait.until(EC.presence_of_element_located(self.PROGRESS_BAR))\n        value_progress_bar = int(progress_bar.get_attribute(\"aria-valuenow\"))\n        self.click_button_start()\n        self.wait.until(EC.visibility_of_element_located(self.BUTTON_STOP))\n        time.sleep(2)\n        value_start = int(progress_bar.get_attribute(\"aria-valuenow\"))\n>       assert value_progress_bar != value_start, 'The progress bar did not start'\nE       AssertionError: The progress bar did not start\n\npages/widgets/progress_bar.py:36: AssertionError","flaky":false,"newFailed":false,"newBroken":false,"newPassed":false,"retriesCount":0,"retriesStatusChange":false,"beforeStages":[{"name":"_session_faker","time":{"start":1712912845286,"stop":1712912845302,"duration":16},"status":"passed","steps":[],"attachments":[],"parameters":[],"shouldDisplayMessage":false,"stepsCount":0,"attachmentsCount":0,"hasContent":false},{"name":"tmp_path_factory","time":{"start":1712912845303,"stop":1712912845303,"duration":0},"status":"passed","steps":[],"attachments":[],"parameters":[],"shouldDisplayMessage":false,"stepsCount":0,"attachmentsCount":0,"hasContent":false},{"name":"tmp_path","time":{"start":1712913028372,"stop":1712913028373,"duration":1},"status":"passed","steps":[],"attachments":[],"parameters":[],"shouldDisplayMessage":false,"stepsCount":0,"attachmentsCount":0,"hasContent":false},{"name":"driver","time":{"start":1712913028373,"stop":1712913028552,"duration":179},"status":"passed","steps":[],"attachments":[],"parameters":[],"shouldDisplayMessage":false,"stepsCount":0,"attachmentsCount":0,"hasContent":false},{"name":"tmpdir","time":{"start":1712913028373,"stop":1712913028373,"duration":0},"status":"passed","steps":[],"attachments":[],"parameters":[],"shouldDisplayMessage":false,"stepsCount":0,"attachmentsCount":0,"hasContent":false},{"name":"environment_allure","time":{"start":1712913028552,"stop":1712913028553,"duration":1},"status":"passed","steps":[],"attachments":[],"parameters":[],"shouldDisplayMessage":false,"stepsCount":0,"attachmentsCount":0,"hasContent":false},{"name":"setup","time":{"start":1712913028553,"stop":1712913029002,"duration":449},"status":"passed","steps":[],"attachments":[],"parameters":[],"shouldDisplayMessage":false,"stepsCount":0,"attachmentsCount":0,"hasContent":false}],"testStage":{"status":"failed","statusMessage":"AssertionError: The progress bar did not start","statusTrace":"self = <test_widgets.TestWidgets object at 0x7f4f2a23f770>\n\n    @allure.title(\"Progress bar\")\n    def test_progress_bar(self):\n        self.progress_bar.open()\n        self.progress_bar.is_opened()\n>       self.progress_bar.check_start()\n\ntests/test_widgets.py:36: \n_ _ _ _ _ _ _ _ _ _ _ _ _ _ _ _ _ _ _ _ _ _ _ _ _ _ _ _ _ _ _ _ _ _ _ _ _ _ _ _ \n\nself = <pages.widgets.progress_bar.ProgressBar object at 0x7f4f29fdbf20>\n\n    @allure.step(\"Start progress bar\")\n    def check_start(self):\n        self.wait.until(EC.visibility_of_element_located(self.BUTTON_START))\n        progress_bar = self.wait.until(EC.presence_of_element_located(self.PROGRESS_BAR))\n        value_progress_bar = int(progress_bar.get_attribute(\"aria-valuenow\"))\n        self.click_button_start()\n        self.wait.until(EC.visibility_of_element_located(self.BUTTON_STOP))\n        time.sleep(2)\n        value_start = int(progress_bar.get_attribute(\"aria-valuenow\"))\n>       assert value_progress_bar != value_start, 'The progress bar did not start'\nE       AssertionError: The progress bar did not start\n\npages/widgets/progress_bar.py:36: AssertionError","steps":[{"name":"Open URL","time":{"start":1712913029002,"stop":1712913030280,"duration":1278},"status":"passed","steps":[],"attachments":[],"parameters":[],"shouldDisplayMessage":false,"stepsCount":0,"attachmentsCount":0,"hasContent":false},{"name":"Check is opened URL","time":{"start":1712913030280,"stop":1712913030283,"duration":3},"status":"passed","steps":[],"attachments":[],"parameters":[],"shouldDisplayMessage":false,"stepsCount":0,"attachmentsCount":0,"hasContent":false},{"name":"Start progress bar","time":{"start":1712913030284,"stop":1712913032483,"duration":2199},"status":"failed","statusMessage":"AssertionError: The progress bar did not start\n","statusTrace":"  File \"/opt/hostedtoolcache/Python/3.12.2/x64/lib/python3.12/site-packages/allure_commons/_allure.py\", line 192, in impl\n    return func(*a, **kw)\n           ^^^^^^^^^^^^^^\n  File \"/home/runner/work/demoqa_ui/demoqa_ui/pages/widgets/progress_bar.py\", line 36, in check_start\n    assert value_progress_bar != value_start, 'The progress bar did not start'\n","steps":[{"name":"Click button start","time":{"start":1712913030315,"stop":1712913030373,"duration":58},"status":"passed","steps":[],"attachments":[],"parameters":[],"shouldDisplayMessage":false,"stepsCount":0,"attachmentsCount":0,"hasContent":false}],"attachments":[],"parameters":[],"shouldDisplayMessage":true,"stepsCount":1,"attachmentsCount":0,"hasContent":true}],"attachments":[],"parameters":[],"shouldDisplayMessage":true,"stepsCount":4,"attachmentsCount":0,"hasContent":true},"afterStages":[{"name":"driver::0","time":{"start":1712913032489,"stop":1712913032774,"duration":285},"status":"passed","steps":[],"attachments":[{"uid":"f9664d52df412b75","name":"test_progress_bar.png","source":"f9664d52df412b75.png","type":"image/png","size":865544}],"parameters":[],"shouldDisplayMessage":false,"stepsCount":0,"attachmentsCount":1,"hasContent":true},{"name":"tmp_path::0","time":{"start":1712913032775,"stop":1712913032775,"duration":0},"status":"passed","steps":[],"attachments":[],"parameters":[],"shouldDisplayMessage":false,"stepsCount":0,"attachmentsCount":0,"hasContent":false}],"labels":[{"name":"feature","value":"Widgets"},{"name":"parentSuite","value":"tests"},{"name":"suite","value":"test_widgets"},{"name":"subSuite","value":"TestWidgets"},{"name":"host","value":"fv-az1542-814"},{"name":"thread","value":"1878-MainThread"},{"name":"framework","value":"pytest"},{"name":"language","value":"cpython3"},{"name":"package","value":"tests.test_widgets"},{"name":"resultFormat","value":"allure2"}],"parameters":[],"links":[],"hidden":false,"retry":false,"extra":{"severity":"normal","retries":[],"categories":[{"name":"Product defects","matchedStatuses":[],"flaky":false}],"tags":[]},"source":"8b8e523283a15838.json","parameterValues":[]}