{"uid":"a8467085df338e62","name":"Progress bar","fullName":"tests.test_widgets.TestWidgets#test_progress_bar","historyId":"38808bcef644918199e558393faa460a","time":{"start":1712916196439,"stop":1712916211321,"duration":14882},"status":"failed","statusMessage":"AssertionError: Progress bar did not update to 0","statusTrace":"self = <test_widgets.TestWidgets object at 0x7fea9d6c81d0>\n\n    @allure.title(\"Progress bar\")\n    def test_progress_bar(self):\n        self.progress_bar.open()\n        self.progress_bar.is_opened()\n        self.progress_bar.check_start()\n        self.progress_bar.check_stop()\n        self.progress_bar.check_start()\n>       self.progress_bar.check_reset()\n\ntests/test_widgets.py:39: \n_ _ _ _ _ _ _ _ _ _ _ _ _ _ _ _ _ _ _ _ _ _ _ _ _ _ _ _ _ _ _ _ _ _ _ _ _ _ _ _ \n\nself = <pages.widgets.progress_bar.ProgressBar object at 0x7fea9d54e210>\n\n    @allure.step(\"Reset progress bar\")\n    def check_reset(self):\n        progress_bar = self.wait.until(EC.presence_of_element_located(self.PROGRESS_BAR))\n        progress = int(progress_bar.get_attribute(\"aria-valuenow\"))\n        while progress < 100:\n            progress = int(progress_bar.get_attribute(\"aria-valuenow\"))\n        before_value = int(progress_bar.get_attribute(\"aria-valuenow\"))\n        self.click_button_reset()\n        self.wait.until(EC.visibility_of_element_located(self.BUTTON_START))\n        after_value = int(progress_bar.get_attribute(\"aria-valuenow\"))\n        assert before_value == 100, 'Progress bar did not load all the way'\n>       assert after_value == 0, 'Progress bar did not update to 0'\nE       AssertionError: Progress bar did not update to 0\n\npages/widgets/progress_bar.py:60: AssertionError","flaky":false,"newFailed":false,"newBroken":false,"newPassed":false,"retriesCount":0,"retriesStatusChange":false,"beforeStages":[{"name":"_session_faker","time":{"start":1712915917039,"stop":1712915917056,"duration":17},"status":"passed","steps":[],"attachments":[],"parameters":[],"shouldDisplayMessage":false,"stepsCount":0,"attachmentsCount":0,"hasContent":false},{"name":"tmp_path_factory","time":{"start":1712915917057,"stop":1712915917057,"duration":0},"status":"passed","steps":[],"attachments":[],"parameters":[],"shouldDisplayMessage":false,"stepsCount":0,"attachmentsCount":0,"hasContent":false},{"name":"tmp_path","time":{"start":1712916194612,"stop":1712916194613,"duration":1},"status":"passed","steps":[],"attachments":[],"parameters":[],"shouldDisplayMessage":false,"stepsCount":0,"attachmentsCount":0,"hasContent":false},{"name":"tmpdir","time":{"start":1712916194613,"stop":1712916194613,"duration":0},"status":"passed","steps":[],"attachments":[],"parameters":[],"shouldDisplayMessage":false,"stepsCount":0,"attachmentsCount":0,"hasContent":false},{"name":"driver","time":{"start":1712916194613,"stop":1712916195892,"duration":1279},"status":"passed","steps":[],"attachments":[],"parameters":[],"shouldDisplayMessage":false,"stepsCount":0,"attachmentsCount":0,"hasContent":false},{"name":"environment_allure","time":{"start":1712916195892,"stop":1712916195892,"duration":0},"status":"passed","steps":[],"attachments":[],"parameters":[],"shouldDisplayMessage":false,"stepsCount":0,"attachmentsCount":0,"hasContent":false},{"name":"setup","time":{"start":1712916195892,"stop":1712916196438,"duration":546},"status":"passed","steps":[],"attachments":[],"parameters":[],"shouldDisplayMessage":false,"stepsCount":0,"attachmentsCount":0,"hasContent":false}],"testStage":{"status":"failed","statusMessage":"AssertionError: Progress bar did not update to 0","statusTrace":"self = <test_widgets.TestWidgets object at 0x7fea9d6c81d0>\n\n    @allure.title(\"Progress bar\")\n    def test_progress_bar(self):\n        self.progress_bar.open()\n        self.progress_bar.is_opened()\n        self.progress_bar.check_start()\n        self.progress_bar.check_stop()\n        self.progress_bar.check_start()\n>       self.progress_bar.check_reset()\n\ntests/test_widgets.py:39: \n_ _ _ _ _ _ _ _ _ _ _ _ _ _ _ _ _ _ _ _ _ _ _ _ _ _ _ _ _ _ _ _ _ _ _ _ _ _ _ _ \n\nself = <pages.widgets.progress_bar.ProgressBar object at 0x7fea9d54e210>\n\n    @allure.step(\"Reset progress bar\")\n    def check_reset(self):\n        progress_bar = self.wait.until(EC.presence_of_element_located(self.PROGRESS_BAR))\n        progress = int(progress_bar.get_attribute(\"aria-valuenow\"))\n        while progress < 100:\n            progress = int(progress_bar.get_attribute(\"aria-valuenow\"))\n        before_value = int(progress_bar.get_attribute(\"aria-valuenow\"))\n        self.click_button_reset()\n        self.wait.until(EC.visibility_of_element_located(self.BUTTON_START))\n        after_value = int(progress_bar.get_attribute(\"aria-valuenow\"))\n        assert before_value == 100, 'Progress bar did not load all the way'\n>       assert after_value == 0, 'Progress bar did not update to 0'\nE       AssertionError: Progress bar did not update to 0\n\npages/widgets/progress_bar.py:60: AssertionError","steps":[{"name":"Open URL","time":{"start":1712916196439,"stop":1712916198505,"duration":2066},"status":"passed","steps":[],"attachments":[],"parameters":[],"shouldDisplayMessage":false,"stepsCount":0,"attachmentsCount":0,"hasContent":false},{"name":"Check is opened URL","time":{"start":1712916198505,"stop":1712916198508,"duration":3},"status":"passed","steps":[],"attachments":[],"parameters":[],"shouldDisplayMessage":false,"stepsCount":0,"attachmentsCount":0,"hasContent":false},{"name":"Start progress bar","time":{"start":1712916198508,"stop":1712916200895,"duration":2387},"status":"passed","steps":[{"name":"Click button start","time":{"start":1712916198541,"stop":1712916198841,"duration":300},"status":"passed","steps":[],"attachments":[],"parameters":[],"shouldDisplayMessage":false,"stepsCount":0,"attachmentsCount":0,"hasContent":false}],"attachments":[],"parameters":[],"shouldDisplayMessage":false,"stepsCount":1,"attachmentsCount":0,"hasContent":true},{"name":"Stop progress bar","time":{"start":1712916200895,"stop":1712916203152,"duration":2257},"status":"passed","steps":[{"name":"Click button stop","time":{"start":1712916200908,"stop":1712916201129,"duration":221},"status":"passed","steps":[],"attachments":[],"parameters":[],"shouldDisplayMessage":false,"stepsCount":0,"attachmentsCount":0,"hasContent":false}],"attachments":[],"parameters":[],"shouldDisplayMessage":false,"stepsCount":1,"attachmentsCount":0,"hasContent":true},{"name":"Start progress bar","time":{"start":1712916203152,"stop":1712916205428,"duration":2276},"status":"passed","steps":[{"name":"Click button start","time":{"start":1712916203185,"stop":1712916203411,"duration":226},"status":"passed","steps":[],"attachments":[],"parameters":[],"shouldDisplayMessage":false,"stepsCount":0,"attachmentsCount":0,"hasContent":false}],"attachments":[],"parameters":[],"shouldDisplayMessage":false,"stepsCount":1,"attachmentsCount":0,"hasContent":true},{"name":"Reset progress bar","time":{"start":1712916205428,"stop":1712916211320,"duration":5892},"status":"failed","statusMessage":"AssertionError: Progress bar did not update to 0\n","statusTrace":"  File \"/opt/hostedtoolcache/Python/3.12.2/x64/lib/python3.12/site-packages/allure_commons/_allure.py\", line 192, in impl\n    return func(*a, **kw)\n           ^^^^^^^^^^^^^^\n  File \"/home/runner/work/demoqa_ui/demoqa_ui/pages/widgets/progress_bar.py\", line 60, in check_reset\n    assert after_value == 0, 'Progress bar did not update to 0'\n","steps":[{"name":"Click button reset","time":{"start":1712916211076,"stop":1712916211307,"duration":231},"status":"passed","steps":[],"attachments":[],"parameters":[],"shouldDisplayMessage":false,"stepsCount":0,"attachmentsCount":0,"hasContent":false}],"attachments":[],"parameters":[],"shouldDisplayMessage":true,"stepsCount":1,"attachmentsCount":0,"hasContent":true}],"attachments":[],"parameters":[],"shouldDisplayMessage":true,"stepsCount":10,"attachmentsCount":0,"hasContent":true},"afterStages":[{"name":"driver::0","time":{"start":1712916211327,"stop":1712916212154,"duration":827},"status":"passed","steps":[],"attachments":[{"uid":"8e52a080718572b9","name":"test_progress_bar.png","source":"8e52a080718572b9.png","type":"image/png","size":350090}],"parameters":[],"shouldDisplayMessage":false,"stepsCount":0,"attachmentsCount":1,"hasContent":true},{"name":"tmp_path::0","time":{"start":1712916212155,"stop":1712916212155,"duration":0},"status":"passed","steps":[],"attachments":[],"parameters":[],"shouldDisplayMessage":false,"stepsCount":0,"attachmentsCount":0,"hasContent":false}],"labels":[{"name":"feature","value":"Widgets"},{"name":"parentSuite","value":"tests"},{"name":"suite","value":"test_widgets"},{"name":"subSuite","value":"TestWidgets"},{"name":"host","value":"fv-az883-999"},{"name":"thread","value":"2875-MainThread"},{"name":"framework","value":"pytest"},{"name":"language","value":"cpython3"},{"name":"package","value":"tests.test_widgets"},{"name":"resultFormat","value":"allure2"}],"parameters":[],"links":[],"hidden":false,"retry":false,"extra":{"severity":"normal","retries":[],"categories":[{"name":"Product defects","matchedStatuses":[],"flaky":false}],"history":{"statistic":{"failed":2,"broken":0,"skipped":0,"passed":0,"unknown":0,"total":2},"items":[{"uid":"f85f4a9e14f65252","status":"failed","statusDetails":"AssertionError: Progress bar did not update to 0","time":{"start":1712915361934,"stop":1712915377766,"duration":15832}}]},"tags":[]},"source":"a8467085df338e62.json","parameterValues":[]}